Adapters/AdColony/ISAdColonyAdapter/build/intermediates/manifest_merge_blame_file/release/manifest-merger-blame-release-report.txt
1<?xml version="1.0" encoding="utf-8"?>
2<manifest xmlns:android="http://schemas.android.com/apk/res/android"
3    package="com.ironsource.adapters.adcolony" >
4
5    <uses-sdk
6        android:minSdkVersion="16"
6-->src/main/AndroidManifest.xml
7        android:targetSdkVersion="30" />
7-->src/main/AndroidManifest.xml
8
9    <uses-permission android:name="android.permission.INTERNET" />
9-->src/main/AndroidManifest.xml:4:5-66
9-->src/main/AndroidManifest.xml:4:22-64
10    <uses-permission android:name="android.permission.ACCESS_NETWORK_STATE" />
10-->src/main/AndroidManifest.xml:5:5-78
10-->src/main/AndroidManifest.xml:5:22-76
11
12    <application>
12-->src/main/AndroidManifest.xml:7:5-19:19
13
14        <!-- AdColony -->
15        <activity
15-->src/main/AndroidManifest.xml:10:9-13:50
16            android:name="com.adcolony.sdk.AdColonyInterstitialActivity"
16-->src/main/AndroidManifest.xml:11:13-73
17            android:configChanges="keyboardHidden|orientation|screenSize"
17-->src/main/AndroidManifest.xml:12:13-74
18            android:hardwareAccelerated="true" />
18-->src/main/AndroidManifest.xml:13:13-47
19        <activity
19-->src/main/AndroidManifest.xml:14:9-17:50
20            android:name="com.adcolony.sdk.AdColonyAdViewActivity"
20-->src/main/AndroidManifest.xml:15:13-67
21            android:configChanges="keyboardHidden|orientation|screenSize"
21-->src/main/AndroidManifest.xml:16:13-74
22            android:hardwareAccelerated="true" />
22-->src/main/AndroidManifest.xml:17:13-47
23    </application>
24
25</manifest>